<?xml version="1.0" encoding="UTF-8"?>
<!-- Generated by org.testng.reporters.JUnitXMLReporter -->
<testsuite hostname="PRASHANT-PC" name="Sample Test" tests="1" failures="1" timestamp="13 Aug 2016 17:24:43 GMT" time="0.472" errors="0">
  <testcase name="testFunc" time="0.293" classname="test.NewTest">
    <failure type="java.lang.AssertionError" message="expected [Rustom] but found [Vikram]">
      <![CDATA[java.lang.AssertionError: expected [Rustom] but found [Vikram]
	at test.NewTest.testFunc(NewTest.java:20)
... Removed 30 stack frames]]>
    </failure>
  </testcase> <!-- testFunc -->
</testsuite> <!-- Sample Test -->
